2021-10-28 02:51:35 pid:1 Workerman[ws_message_notify.php] start in DEBUG mode
2021-10-28 02:53:18 pid:1 PDOException: SQLSTATE[HY000] [2002] 由于目标计算机积极拒绝，无法连接。
 in D:\wamp64\www\teach\Laravel\Workerman\vendor\workerman\mysql\src\Connection.php:1715
Stack trace:
#0 D:\wamp64\www\teach\Laravel\Workerman\vendor\workerman\mysql\src\Connection.php(1715): PDO->__construct('mysql:dbname=te...', 'root', '', Array)
#1 D:\wamp64\www\teach\Laravel\Workerman\vendor\workerman\mysql\src\Connection.php(1702): Workerman\MySQL\Connection->connect()
#2 D:\wamp64\www\teach\Laravel\ws_message_notify.php(178): Workerman\MySQL\Connection->__construct('127.0.0.1', '3306', 'root', '', 'teach')
#3 D:\wamp64\www\teach\Laravel\ws_message_notify.php(25): start_connect_mysql()
#4 D:\wamp64\www\teach\Laravel\Workerman\Worker.php(2389): {closure}(Object(Workerman\Worker))
#5 D:\wamp64\www\teach\Laravel\Workerman\Worker.php(1404): Workerman\Worker->run()
#6 D:\wamp64\www\teach\Laravel\Workerman\Worker.php(1347): Workerman\Worker::forkWorkersForWindows()
#7 D:\wamp64\www\teach\Laravel\Workerman\Worker.php(546): Workerman\Worker::forkWorkers()
#8 D:\wamp64\www\teach\Laravel\ws_message_notify.php(242): Workerman\Worker::runAll()
#9 {main}
2021-10-28 02:53:19 pid:1 Worker process terminated
2021-10-28 02:56:48 pid:1 PDOException: SQLSTATE[HY000] [2002] 由于目标计算机积极拒绝，无法连接。
 in D:\wamp64\www\teach\Laravel\Workerman\vendor\workerman\mysql\src\Connection.php:1715
Stack trace:
#0 D:\wamp64\www\teach\Laravel\Workerman\vendor\workerman\mysql\src\Connection.php(1715): PDO->__construct('mysql:dbname=te...', 'root', '', Array)
#1 D:\wamp64\www\teach\Laravel\Workerman\vendor\workerman\mysql\src\Connection.php(1702): Workerman\MySQL\Connection->connect()
#2 D:\wamp64\www\teach\Laravel\ws_message_notify.php(178): Workerman\MySQL\Connection->__construct('127.0.0.1', '3306', 'root', '', 'teach')
#3 D:\wamp64\www\teach\Laravel\ws_message_notify.php(25): start_connect_mysql()
#4 D:\wamp64\www\teach\Laravel\Workerman\Worker.php(2389): {closure}(Object(Workerman\Worker))
#5 D:\wamp64\www\teach\Laravel\Workerman\Worker.php(1404): Workerman\Worker->run()
#6 D:\wamp64\www\teach\Laravel\Workerman\Worker.php(1347): Workerman\Worker::forkWorkersForWindows()
#7 D:\wamp64\www\teach\Laravel\Workerman\Worker.php(546): Workerman\Worker::forkWorkers()
#8 D:\wamp64\www\teach\Laravel\ws_message_notify.php(242): Workerman\Worker::runAll()
#9 {main}
2021-10-28 02:56:49 pid:1 Worker process terminated
2021-10-28 03:08:05 pid:1 PDOException: SQLSTATE[HY000] [2002] 由于目标计算机积极拒绝，无法连接。
 in D:\wamp64\www\teach\Laravel\Workerman\vendor\workerman\mysql\src\Connection.php:1715
Stack trace:
#0 D:\wamp64\www\teach\Laravel\Workerman\vendor\workerman\mysql\src\Connection.php(1715): PDO->__construct('mysql:dbname=te...', 'root', '', Array)
#1 D:\wamp64\www\teach\Laravel\Workerman\vendor\workerman\mysql\src\Connection.php(1702): Workerman\MySQL\Connection->connect()
#2 D:\wamp64\www\teach\Laravel\ws_message_notify.php(178): Workerman\MySQL\Connection->__construct('127.0.0.1', '3306', 'root', '', 'teach')
#3 D:\wamp64\www\teach\Laravel\ws_message_notify.php(25): start_connect_mysql()
#4 D:\wamp64\www\teach\Laravel\Workerman\Worker.php(2393): {closure}(Object(Workerman\Worker))
#5 D:\wamp64\www\teach\Laravel\Workerman\Worker.php(1404): Workerman\Worker->run()
#6 D:\wamp64\www\teach\Laravel\Workerman\Worker.php(1347): Workerman\Worker::forkWorkersForWindows()
#7 D:\wamp64\www\teach\Laravel\Workerman\Worker.php(546): Workerman\Worker::forkWorkers()
#8 D:\wamp64\www\teach\Laravel\ws_message_notify.php(242): Workerman\Worker::runAll()
#9 {main}
2021-10-28 03:08:06 pid:1 Worker process terminated
